2008-11-07 21:32:42 Notice: Notice (8): Undefined index:  prenom in [APP/views/layouts/default.ctp, line 52]
2008-11-07 21:32:42 Notice: Notice (8): Undefined index:  nom in [APP/views/layouts/default.ctp, line 52]
2008-11-07 21:32:43 Notice: Notice (8): Undefined index:  prenom in [APP/views/layouts/default.ctp, line 52]
2008-11-07 21:32:43 Notice: Notice (8): Undefined index:  nom in [APP/views/layouts/default.ctp, line 52]
2008-11-10 12:48:05 Notice: Notice (8): Undefined variable: datePicker in [APP/views/contrats/admin_add.ctp, line 8]
2008-11-10 12:54:20 Notice: Notice (8): Undefined variable: datePicker in [APP/views/contrats/admin_add.ctp, line 8]
2008-11-10 13:25:30 Notice: Notice (8): Undefined index:  Instrument in [APP/views/fanfarons/admin_index.ctp, line 32]
2008-11-10 13:28:06 Notice: Notice (8): Undefined index:  nom in [APP/views/fanfarons/admin_index.ctp, line 38]
2008-11-10 13:51:11 Notice: Notice (8): Undefined index:  User in [APP/controllers/contrats_controller.php, line 121]
2008-11-10 13:51:11 Notice: Notice (8): Undefined index:  nom in [APP/controllers/contrats_controller.php, line 126]
2008-11-10 13:56:07 Notice: Notice (8): Undefined index:  nom in [APP/controllers/contrats_controller.php, line 126]
2008-11-10 14:01:21 Notice: Notice (8): Undefined variable: contrat_id in [APP/views/contrats/admin_relancer.ctp, line 3]
2008-11-10 14:01:21 Notice: Notice (8): Undefined variable: contrat_id in [APP/views/contrats/admin_relancer.ctp, line 11]
2008-11-10 14:03:38 Notice: Notice (8): Undefined variable: contrat_id in [APP/controllers/contrats_controller.php, line 126]
2008-11-10 14:03:49 Notice: Notice (8): Undefined variable: contrat_id in [APP/controllers/contrats_controller.php, line 126]
2008-11-10 21:46:07 Notice: Notice (8): Undefined variable: fanfaron in [APP/views/contrats/admin_index.ctp, line 65]
2008-11-10 22:33:38 Notice: Notice (8): Undefined property: Fanfaron::$Instrumentprincipal in [APP/controllers/fanfarons_controller.php, line 70]
2008-11-10 22:36:49 Notice: Notice (8): Undefined index:  instrument_principal in [APP/views/fanfarons/admin_index.ctp, line 38]
2008-11-10 22:49:58 Notice: Notice (8): Undefined property: Fanfaron::$AutreInstruments in [APP/controllers/fanfarons_controller.php, line 90]
2008-11-10 22:55:59 Notice: Notice (8): Undefined index:  InstrumentPrincipal in [APP/views/fanfarons/admin_index.ctp, line 38]
2008-11-11 20:59:56 Notice: Notice (8): Undefined variable: formateurs_cond in [APP/controllers/fanfarons_controller.php, line 21]
2008-11-11 20:59:56 Notice: Notice (8): Undefined variable: paginator in [APP/views/fanfarons/index.ctp, line 5]
2008-11-11 21:00:58 Notice: Notice (8): Undefined variable: formateurs_cond in [APP/controllers/fanfarons_controller.php, line 21]
2008-11-11 21:33:04 Notice: Notice (8): Undefined index:  title in [APP/views/fanfarons/index.ctp, line 15]
2008-11-11 21:33:42 Notice: Notice (8): Undefined index:  title in [APP/views/fanfarons/index.ctp, line 15]
2008-11-11 21:44:08 Notice: Notice (8): Undefined index:  ContratFanfaron in [APP/views/fanfarons/index.ctp, line 40]
2008-11-11 21:44:48 Notice: Notice (8): Undefined index:  ContratFanfaron in [APP/views/fanfarons/index.ctp, line 40]
2008-11-11 21:45:25 Notice: Notice (8): Undefined index:  statut_id in [APP/views/fanfarons/index.ctp, line 41]
2008-11-11 21:58:47 Notice: Notice (8): Undefined index:  Fanfaron in [APP/views/fanfarons/index.ctp, line 39]
2008-11-11 21:59:03 Notice: Notice (8): Undefined index:  Fanfaron in [APP/views/fanfarons/index.ctp, line 39]
2008-11-11 21:59:11 Notice: Notice (8): Undefined index:  Fanfaron in [APP/views/fanfarons/index.ctp, line 39]
2008-11-11 21:59:18 Notice: Notice (8): Undefined index:  Fanfaron in [APP/views/fanfarons/index.ctp, line 39]
2008-11-11 22:17:22 Notice: Notice (8): Undefined variable: fanfaron in [APP/views/fanfarons/edit.ctp, line 4]
2008-11-11 22:18:09 Notice: Notice (8): Undefined variable: fanfaron in [APP/views/fanfarons/edit.ctp, line 4]
2008-11-11 22:31:32 Notice: Notice (8): Undefined variable: fanfaron in [APP/views/fanfarons/edit.ctp, line 4]
2008-11-11 22:32:27 Notice: Notice (8): Undefined variable: fanfaron in [APP/views/fanfarons/edit.ctp, line 4]
2008-11-12 12:29:55 Notice: Notice (8): Undefined index:  ContratsFanfaron in [APP/views/fanfarons/edit.ctp, line 11]
2008-11-12 13:05:15 Notice: Notice (8): Undefined index:  Fanfaron in [APP/views/fanfarons/edit.ctp, line 4]
2008-11-12 13:05:15 Notice: Notice (8): Undefined index:  Fanfaron in [APP/views/fanfarons/edit.ctp, line 11]
2008-11-12 13:05:40 Notice: Notice (8): Undefined index:  Fanfaron in [APP/views/fanfarons/edit.ctp, line 4]
2008-11-12 13:05:40 Notice: Notice (8): Undefined index:  Fanfaron in [APP/views/fanfarons/edit.ctp, line 11]
2008-11-12 13:05:43 Notice: Notice (8): Undefined index:  Fanfaron in [APP/views/fanfarons/edit.ctp, line 4]
2008-11-12 13:05:43 Notice: Notice (8): Undefined index:  Fanfaron in [APP/views/fanfarons/edit.ctp, line 11]
2008-11-12 13:06:15 Notice: Notice (8): Undefined index:  Fanfaron in [APP/views/fanfarons/edit.ctp, line 4]
2008-11-12 13:06:15 Notice: Notice (8): Undefined index:  Fanfaron in [APP/views/fanfarons/edit.ctp, line 11]
2008-11-12 13:09:17 Notice: Notice (8): Undefined index:  Fanfaron in [APP/views/fanfarons/edit.ctp, line 4]
2008-11-12 13:09:17 Notice: Notice (8): Undefined index:  Fanfaron in [APP/views/fanfarons/edit.ctp, line 11]
2008-11-12 13:11:52 Notice: Notice (8): Undefined index:  Fanfaron in [APP/views/fanfarons/edit.ctp, line 4]
2008-11-12 13:11:52 Notice: Notice (8): Undefined index:  Fanfaron in [APP/views/fanfarons/edit.ctp, line 11]
2008-11-12 13:11:52 Notice: Notice (8): Undefined index:  Fanfaron in [APP/views/fanfarons/edit.ctp, line 55]
2008-11-12 13:23:05 Notice: Notice (8): Undefined variable: fanfaron in [APP/views/fanfarons/index.ctp, line 19]
2008-11-12 13:51:23 Notice: Notice (8): Undefined index:  date_début in [APP/views/contrats/view.ctp, line 19]
2008-11-13 12:30:48 Notice: Notice (8): Undefined property: FanfaronsController::$Contrat in [APP/controllers/fanfarons_controller.php, line 38]
2008-11-13 12:30:48 Notice: Notice (8): Trying to get property of non-object in [APP/controllers/fanfarons_controller.php, line 38]
2008-11-13 12:31:05 Notice: Notice (8): Undefined variable: id in [APP/controllers/fanfarons_controller.php, line 41]
2008-11-13 12:43:21 Notice: Notice (8): Undefined index:  oui in [APP/views/fanfarons/index.ctp, line 19]
2008-11-13 12:43:21 Notice: Notice (8): Undefined index:  peutetre in [APP/views/fanfarons/index.ctp, line 19]
2008-11-13 12:43:21 Notice: Notice (8): Undefined index:  name in [APP/views/fanfarons/index.ctp, line 19]
2008-11-13 12:44:06 Notice: Notice (8): Undefined index:  oui in [APP/views/fanfarons/index.ctp, line 19]
2008-11-13 12:44:06 Notice: Notice (8): Undefined index:  peutetre in [APP/views/fanfarons/index.ctp, line 19]
2008-11-13 12:44:06 Notice: Notice (8): Undefined index:  name in [APP/views/fanfarons/index.ctp, line 19]
2008-11-13 12:53:37 Notice: Notice (8): Undefined variable: instru in [APP/views/fanfarons/index.ctp, line 39]
2008-11-14 12:49:31 Notice: Notice (8): Undefined index:  prenom in [APP/views/users/admin_index.ctp, line 76]
2008-11-14 12:49:31 Notice: Notice (8): Undefined index:  nom in [APP/views/users/admin_index.ctp, line 79]
2008-11-14 12:49:31 Notice: Notice (8): Undefined index:  Entite in [APP/views/users/admin_index.ctp, line 100]
2008-11-14 12:50:10 Notice: Notice (8): Undefined index:  prenom in [APP/views/users/admin_index.ctp, line 67]
2008-11-14 12:50:10 Notice: Notice (8): Undefined index:  nom in [APP/views/users/admin_index.ctp, line 70]
2008-11-14 12:50:10 Notice: Notice (8): Undefined index:  Entite in [APP/views/users/admin_index.ctp, line 91]
2008-11-14 12:51:12 Notice: Notice (8): Undefined property: User::$Entite in [APP/controllers/users_controller.php, line 55]
2008-11-14 12:56:07 Notice: Notice (8): Undefined index:  login in [APP/views/layouts/default.ctp, line 51]
2008-11-14 12:56:17 Notice: Notice (8): Undefined index:  identifiant in [APP/views/layouts/default.ctp, line 51]
2008-11-14 12:56:45 Notice: Notice (8): Undefined index:  identifiant in [APP/views/layouts/default.ctp, line 51]
2008-11-14 12:56:51 Notice: Notice (8): Undefined index:  identifiant in [APP/views/layouts/default.ctp, line 51]
2008-11-14 13:07:11 Notice: Notice (8): Undefined variable: fanfarons in [APP/views/contrats/view.ctp, line 45]
2008-11-14 13:08:21 Notice: Notice (8): Undefined variable: fanfarons in [APP/views/contrats/view.ctp, line 45]
2008-11-14 13:08:42 Notice: Notice (8): Undefined variable: fanfarons in [APP/views/contrats/view.ctp, line 45]
2008-11-14 13:09:29 Notice: Notice (8): Undefined variable: fanfarons in [APP/views/contrats/view.ctp, line 45]
2008-11-14 13:10:50 Notice: Notice (8): Undefined variable: fanfarons in [APP/views/contrats/view.ctp, line 45]
2008-11-14 13:12:32 Notice: Notice (8): Undefined variable: fanfarons in [APP/views/contrats/view.ctp, line 45]
2008-11-14 13:15:21 Notice: Notice (8): Undefined variable: fanfarons in [APP/views/contrats/view.ctp, line 45]
2008-11-14 13:17:54 Notice: Notice (8): Undefined index:  fanfarons in [APP/views/contrats/view.ctp, line 45]
2008-11-17 22:16:47 Notice: Notice (8): Undefined offset:  3 in [APP/config/bootstrap.php, line 54]
2008-11-19 12:42:23 Notice: Notice (8): Undefined index:  FanfaronInstrument in [APP/controllers/fanfarons_controller.php, line 74]
2008-11-19 13:10:26 Notice: Notice (8): Undefined index:  ip in [APP/views/fanfarons/edit.ctp, line 62]
2008-11-19 13:12:18 Notice: Notice (8): Undefined index:  HTTP_CLIENT_IP in [APP/views/fanfarons/edit.ctp, line 62]
2008-11-25 20:41:47 Notice: Notice (8): Undefined index:  relance in [APP/views/contrats/admin_index.ctp, line 52]
2008-11-25 20:57:49 Notice: Notice (8): Undefined index:  HTTP_REFERER in [APP/views/contrats/view.ctp, line 3]
2009-04-29 12:06:56 Notice: Notice (8): Undefined variable: modified in [APP/views/fanfarons/edit.ctp, line 82]
2009-04-29 12:06:56 Notice: Notice (8): Undefined variable: ip in [APP/views/fanfarons/edit.ctp, line 82]
2009-09-29 13:01:54 Notice: Notice (8): Undefined variable: modified in [APP/views/fanfarons/edit.ctp, line 82]
2009-09-29 13:01:54 Notice: Notice (8): Undefined variable: ip in [APP/views/fanfarons/edit.ctp, line 82]
2009-10-21 07:59:19 Notice: Notice (8): Undefined variable: modified in [APP/views/fanfarons/edit.ctp, line 82]
2009-10-21 07:59:19 Notice: Notice (8): Undefined variable: ip in [APP/views/fanfarons/edit.ctp, line 82]
2009-11-06 15:40:49 Notice: Notice (8): Undefined variable: modified in [APP/views/fanfarons/edit.ctp, line 82]
2009-11-06 15:40:49 Notice: Notice (8): Undefined variable: ip in [APP/views/fanfarons/edit.ctp, line 82]
2009-11-06 16:48:39 Notice: Notice (8): Undefined variable: modified in [APP/views/fanfarons/edit.ctp, line 82]
2009-11-06 16:48:39 Notice: Notice (8): Undefined variable: ip in [APP/views/fanfarons/edit.ctp, line 82]
2010-01-27 08:43:02 Notice: Notice (8): Undefined index:  prenom in [APP/views/users/admin_view.ctp, line 13]
2010-01-27 08:43:02 Notice: Notice (8): Undefined index:  nom in [APP/views/users/admin_view.ctp, line 18]
2010-01-27 08:43:02 Notice: Notice (8): Undefined index:  telephone in [APP/views/users/admin_view.ctp, line 33]
2010-01-27 08:43:02 Notice: Notice (8): Undefined index:  Entite in [APP/views/users/admin_view.ctp, line 38]
2010-01-27 08:43:02 Notice: Notice (8): Undefined index:  commentaire in [APP/views/users/admin_view.ctp, line 43]
2010-03-29 10:25:49 Notice: Notice (8): Undefined index:  prenom in [APP/views/users/admin_view.ctp, line 13]
2010-03-29 10:25:50 Notice: Notice (8): Undefined index:  nom in [APP/views/users/admin_view.ctp, line 18]
2010-03-29 10:25:50 Notice: Notice (8): Undefined index:  telephone in [APP/views/users/admin_view.ctp, line 33]
2010-03-29 10:25:50 Notice: Notice (8): Undefined index:  Entite in [APP/views/users/admin_view.ctp, line 38]
2010-03-29 10:25:50 Notice: Notice (8): Undefined index:  commentaire in [APP/views/users/admin_view.ctp, line 43]
2010-05-18 21:11:16 Notice: Notice (8): Undefined variable: modified in [APP/views/fanfarons/edit.ctp, line 82]
2010-05-18 21:11:16 Notice: Notice (8): Undefined variable: ip in [APP/views/fanfarons/edit.ctp, line 82]
2010-06-11 18:02:11 Notice: Notice (8): Undefined variable: contrat_id in [APP/controllers/fanfarons_controller.php, line 162]
2010-06-11 18:02:11 Notice: Notice (8): Undefined variable: contrat_id in [APP/controllers/fanfarons_controller.php, line 162]
2010-10-13 22:47:10 Notice: Notice (8): Undefined variable: modified in [APP/views/fanfarons/edit.ctp, line 82]
2010-10-13 22:47:10 Notice: Notice (8): Undefined variable: ip in [APP/views/fanfarons/edit.ctp, line 82]
2010-11-22 16:42:12 Notice: Notice (8): Undefined variable: modified in [APP/views/fanfarons/edit.ctp, line 82]
2010-11-22 16:42:12 Notice: Notice (8): Undefined variable: ip in [APP/views/fanfarons/edit.ctp, line 82]
2010-11-22 16:43:18 Notice: Notice (8): Undefined variable: modified in [APP/views/fanfarons/edit.ctp, line 82]
2010-11-22 16:43:18 Notice: Notice (8): Undefined variable: ip in [APP/views/fanfarons/edit.ctp, line 82]
2010-12-02 23:17:14 Notice: Notice (8): Undefined variable: modified in [APP/views/fanfarons/edit.ctp, line 82]
2010-12-02 23:17:14 Notice: Notice (8): Undefined variable: ip in [APP/views/fanfarons/edit.ctp, line 82]
2011-05-10 20:28:54 Notice: Notice (8): Undefined variable: modified in [APP/views/fanfarons/edit.ctp, line 82]
2011-05-10 20:28:54 Notice: Notice (8): Undefined variable: ip in [APP/views/fanfarons/edit.ctp, line 82]
2011-07-31 22:42:56 Notice: Notice (8): Undefined variable: modified in [APP/views/fanfarons/edit.ctp, line 82]
2011-07-31 22:42:56 Notice: Notice (8): Undefined variable: ip in [APP/views/fanfarons/edit.ctp, line 82]
2011-11-07 22:00:11 Notice: Notice (8): Undefined index:  name in [APP/controllers/fanfarons_controller.php, line 72]
2011-11-07 22:00:11 Notice: Notice (8): Undefined index:  fanfaron_id in [APP/controllers/fanfarons_controller.php, line 76]
2011-11-07 22:00:51 Notice: Notice (8): Undefined index:  fanfaron_id in [APP/controllers/fanfarons_controller.php, line 76]
2011-11-07 22:03:12 Notice: Notice (8): Undefined index:  fanfaron_id in [APP/controllers/fanfarons_controller.php, line 76]
2011-11-07 22:05:23 Notice: Notice (8): Undefined index:  fanfaron_id in [APP/controllers/fanfarons_controller.php, line 76]
2011-11-07 22:06:04 Notice: Notice (8): Undefined index:  fanfaron_id in [APP/controllers/fanfarons_controller.php, line 76]
2011-12-06 13:00:28 Notice: Notice (8): Undefined variable: modified in [APP/views/fanfarons/edit.ctp, line 82]
2011-12-06 13:00:28 Notice: Notice (8): Undefined variable: ip in [APP/views/fanfarons/edit.ctp, line 82]
2011-12-07 22:10:23 Notice: Notice (8): Undefined variable: modified in [APP/views/fanfarons/edit.ctp, line 82]
2011-12-07 22:10:23 Notice: Notice (8): Undefined variable: ip in [APP/views/fanfarons/edit.ctp, line 82]
2012-06-25 21:43:41 Notice: Notice (8): Undefined variable: modified in [APP/views/fanfarons/edit.ctp, line 82]
2012-06-25 21:43:41 Notice: Notice (8): Undefined variable: ip in [APP/views/fanfarons/edit.ctp, line 82]
2012-10-07 09:26:28 Notice: Notice (8): Undefined variable: modified in [APP/views/fanfarons/edit.ctp, line 82]
2012-10-07 09:26:28 Notice: Notice (8): Undefined variable: ip in [APP/views/fanfarons/edit.ctp, line 82]
2012-11-07 08:58:37 Notice: Notice (8): Undefined variable: modified in [APP/views/fanfarons/edit.ctp, line 82]
2012-11-07 08:58:37 Notice: Notice (8): Undefined variable: ip in [APP/views/fanfarons/edit.ctp, line 82]
2013-03-02 09:43:17 Notice: Notice (8): Undefined variable: modified in [APP/views/fanfarons/edit.ctp, line 82]
2013-03-02 09:43:17 Notice: Notice (8): Undefined variable: ip in [APP/views/fanfarons/edit.ctp, line 82]
2013-03-09 12:17:47 Notice: Notice (8): Undefined variable: modified in [APP/views/fanfarons/edit.ctp, line 82]
2013-03-09 12:17:47 Notice: Notice (8): Undefined variable: ip in [APP/views/fanfarons/edit.ctp, line 82]
2013-03-17 11:55:22 Notice: Notice (8): Undefined variable: modified in [APP/views/fanfarons/edit.ctp, line 82]
2013-03-17 11:55:22 Notice: Notice (8): Undefined variable: ip in [APP/views/fanfarons/edit.ctp, line 82]
2013-09-09 11:58:01 Notice: Notice (8): Undefined variable: modified in [APP/views/fanfarons/edit.ctp, line 82]
2013-09-09 11:58:01 Notice: Notice (8): Undefined variable: ip in [APP/views/fanfarons/edit.ctp, line 82]
2013-09-09 13:10:31 Notice: Notice (8): Undefined variable: modified in [APP/views/fanfarons/edit.ctp, line 82]
2013-09-09 13:10:31 Notice: Notice (8): Undefined variable: ip in [APP/views/fanfarons/edit.ctp, line 82]
2013-09-09 20:05:36 Notice: Notice (8): Undefined variable: modified in [APP/views/fanfarons/edit.ctp, line 82]
2013-09-09 20:05:36 Notice: Notice (8): Undefined variable: ip in [APP/views/fanfarons/edit.ctp, line 82]
2013-09-09 21:16:16 Notice: Notice (8): Undefined variable: modified in [APP/views/fanfarons/edit.ctp, line 82]
2013-09-09 21:16:16 Notice: Notice (8): Undefined variable: ip in [APP/views/fanfarons/edit.ctp, line 82]
2013-09-10 20:14:46 Notice: Notice (8): Undefined variable: modified in [APP/views/fanfarons/edit.ctp, line 82]
2013-09-10 20:14:46 Notice: Notice (8): Undefined variable: ip in [APP/views/fanfarons/edit.ctp, line 82]
2013-09-12 10:17:32 Notice: Notice (8): Undefined variable: modified in [APP/views/fanfarons/edit.ctp, line 82]
2013-09-12 10:17:32 Notice: Notice (8): Undefined variable: ip in [APP/views/fanfarons/edit.ctp, line 82]
2013-09-19 16:00:04 Notice: Notice (8): Undefined variable: modified in [APP/views/fanfarons/edit.ctp, line 82]
2013-09-19 16:00:04 Notice: Notice (8): Undefined variable: ip in [APP/views/fanfarons/edit.ctp, line 82]
2013-10-23 16:26:42 Notice: Notice (8): Undefined variable: modified in [APP/views/fanfarons/edit.ctp, line 82]
2013-10-23 16:26:42 Notice: Notice (8): Undefined variable: ip in [APP/views/fanfarons/edit.ctp, line 82]
2013-11-12 19:58:53 Notice: Notice (8): Undefined variable: modified in [APP/views/fanfarons/edit.ctp, line 82]
2013-11-12 19:58:53 Notice: Notice (8): Undefined variable: ip in [APP/views/fanfarons/edit.ctp, line 82]
2014-01-08 13:20:15 Notice: Notice (8): Undefined variable: modified in [APP/views/fanfarons/edit.ctp, line 82]
2014-01-08 13:20:15 Notice: Notice (8): Undefined variable: ip in [APP/views/fanfarons/edit.ctp, line 82]
2014-02-22 09:50:47 Notice: Notice (8): Undefined variable: modified in [APP/views/fanfarons/edit.ctp, line 82]
2014-02-22 09:50:47 Notice: Notice (8): Undefined variable: ip in [APP/views/fanfarons/edit.ctp, line 82]
2014-02-28 00:31:39 Notice: Notice (8): Undefined variable: modified in [APP/views/fanfarons/edit.ctp, line 82]
2014-02-28 00:31:39 Notice: Notice (8): Undefined variable: ip in [APP/views/fanfarons/edit.ctp, line 82]
2014-02-28 00:31:55 Notice: Notice (8): Undefined variable: modified in [APP/views/fanfarons/edit.ctp, line 82]
2014-02-28 00:31:55 Notice: Notice (8): Undefined variable: ip in [APP/views/fanfarons/edit.ctp, line 82]
2014-04-10 12:25:15 Notice: Notice (8): Undefined variable: modified in [APP/views/fanfarons/edit.ctp, line 82]
2014-04-10 12:25:16 Notice: Notice (8): Undefined variable: ip in [APP/views/fanfarons/edit.ctp, line 82]
2014-04-15 10:17:11 Notice: Notice (8): Undefined variable: modified in [APP/views/fanfarons/edit.ctp, line 82]
2014-04-15 10:17:11 Notice: Notice (8): Undefined variable: ip in [APP/views/fanfarons/edit.ctp, line 82]
2014-09-01 16:43:30 Notice: Notice (8): Undefined variable: modified in [APP/views/fanfarons/edit.ctp, line 82]
2014-09-01 16:43:30 Notice: Notice (8): Undefined variable: ip in [APP/views/fanfarons/edit.ctp, line 82]
2014-09-04 12:07:23 Notice: Notice (8): Undefined variable: modified in [APP/views/fanfarons/edit.ctp, line 82]
2014-09-04 12:07:23 Notice: Notice (8): Undefined variable: ip in [APP/views/fanfarons/edit.ctp, line 82]
2014-09-23 11:09:10 Notice: Notice (8): Undefined variable: modified in [APP/views/fanfarons/edit.ctp, line 82]
2014-09-23 11:09:10 Notice: Notice (8): Undefined variable: ip in [APP/views/fanfarons/edit.ctp, line 82]
2014-12-17 18:48:43 Notice: Notice (8): Undefined variable: modified in [APP/views/fanfarons/edit.ctp, line 82]
2014-12-17 18:48:43 Notice: Notice (8): Undefined variable: ip in [APP/views/fanfarons/edit.ctp, line 82]
2014-12-18 13:57:24 Notice: Notice (8): Undefined variable: modified in [APP/views/fanfarons/edit.ctp, line 82]
2014-12-18 13:57:24 Notice: Notice (8): Undefined variable: ip in [APP/views/fanfarons/edit.ctp, line 82]
2015-09-23 15:49:03 Notice: Notice (8): Undefined variable: contrat_id in [APP/controllers/fanfarons_controller.php, line 163]
2015-09-23 15:49:09 Notice: Notice (8): Undefined variable: contrat_id in [APP/controllers/fanfarons_controller.php, line 163]
2015-10-25 19:28:26 Notice: Notice (8): Undefined variable: modified in [APP/views/fanfarons/edit.ctp, line 82]
2015-10-25 19:28:27 Notice: Notice (8): Undefined variable: ip in [APP/views/fanfarons/edit.ctp, line 82]
2016-02-19 19:23:06 Notice: Notice (8): Undefined variable: modified in [APP/views/fanfarons/edit.ctp, line 82]
2016-02-19 19:23:06 Notice: Notice (8): Undefined variable: ip in [APP/views/fanfarons/edit.ctp, line 82]
2018-11-04 18:13:37 Notice: Notice (8): Undefined index: deguiz in [APP/views/contrats/view.ctp, line 48]
2018-11-04 18:19:06 Notice: Notice (8): Undefined index: deguiz in [APP/views/contrats/view.ctp, line 48]
2018-11-04 18:21:26 Notice: Notice (8): Undefined index: deguiz in [APP/views/contrats/view.ctp, line 48]
2018-11-04 18:21:33 Notice: Notice (8): Undefined index: deguiz in [APP/views/contrats/view.ctp, line 48]
2018-11-04 18:23:01 Notice: Notice (8): Undefined index: deguiz in [APP/views/contrats/view.ctp, line 48]
2018-11-04 18:24:07 Notice: Notice (8): Undefined index: deguiz in [APP/views/contrats/view.ctp, line 48]
2018-11-04 18:24:50 Notice: Notice (8): Undefined index: deguiz in [APP/views/contrats/view.ctp, line 48]
2018-11-04 18:25:26 Notice: Notice (8): Undefined index: deguiz in [APP/views/contrats/view.ctp, line 48]
